app/build/intermediates/manifest_merge_blame_file/debug/processDebugMainManifest/manifest-merger-blame-debug-report.txt
1<?xml version="1.0" encoding="utf-8"?>
2<manifest xmlns:android="http://schemas.android.com/apk/res/android"
3    package="com.watchmyphone"
4    android:versionCode="1"
5    android:versionName="1.0" >
6
7    <uses-sdk
8        android:minSdkVersion="24"
9        android:targetSdkVersion="36" />
10
11    <uses-feature
11-->src\main\AndroidManifest.xml:5:5-7:36
12        android:name="android.hardware.camera"
12-->src\main\AndroidManifest.xml:6:9-47
13        android:required="false" />
13-->src\main\AndroidManifest.xml:7:9-33
14
15    <uses-permission android:name="android.permission.CAMERA" />
15-->src\main\AndroidManifest.xml:9:5-64
15-->src\main\AndroidManifest.xml:9:22-62
16    <uses-permission android:name="android.permission.FOREGROUND_SERVICE" />
16-->src\main\AndroidManifest.xml:10:5-76
16-->src\main\AndroidManifest.xml:10:22-74
17    <uses-permission android:name="android.permission.POST_NOTIFICATIONS" />
17-->src\main\AndroidManifest.xml:11:5-77
17-->src\main\AndroidManifest.xml:11:22-74
18    <uses-permission android:name="android.permission.WAKE_LOCK" />
18-->src\main\AndroidManifest.xml:12:5-67
18-->src\main\AndroidManifest.xml:12:22-65
19    <uses-permission android:name="android.permission.RECEIVE_BOOT_COMPLETED" />
19-->src\main\AndroidManifest.xml:13:5-80
19-->src\main\AndroidManifest.xml:13:22-78
20    <uses-permission android:name="android.permission.WRITE_EXTERNAL_STORAGE" />
20-->src\main\AndroidManifest.xml:14:5-109
20-->src\main\AndroidManifest.xml:14:22-78
21    <uses-permission android:name="android.permission.PACKAGE_USAGE_STATS" />
21-->src\main\AndroidManifest.xml:15:5-113
21-->src\main\AndroidManifest.xml:15:22-75
22    <uses-permission android:name="android.permission.FOREGROUND_SERVICE_CAMERA" />
22-->src\main\AndroidManifest.xml:16:5-84
22-->src\main\AndroidManifest.xml:16:22-81
23    <uses-permission android:name="android.permission.FOREGROUND_SERVICE_DATA_SYNC" />
23-->src\main\AndroidManifest.xml:17:5-87
23-->src\main\AndroidManifest.xml:17:22-84
24    <uses-permission android:name="android.permission.REQUEST_IGNORE_BATTERY_OPTIMIZATIONS" />
24-->src\main\AndroidManifest.xml:18:5-95
24-->src\main\AndroidManifest.xml:18:22-92
25
26    <permission
26-->[androidx.core:core:1.15.0] AndroidManifest.xml:22:5-24:47
27        android:name="com.watchmyphone.DYNAMIC_RECEIVER_NOT_EXPORTED_PERMISSION"
27-->[androidx.core:core:1.15.0] AndroidManifest.xml:23:9-81
28        android:protectionLevel="signature" />
28-->[androidx.core:core:1.15.0] AndroidManifest.xml:24:9-44
29
30    <uses-permission android:name="com.watchmyphone.DYNAMIC_RECEIVER_NOT_EXPORTED_PERMISSION" />
30-->[androidx.core:core:1.15.0] AndroidManifest.xml:26:5-97
30-->[androidx.core:core:1.15.0] AndroidManifest.xml:26:22-94
31
32    <application
32-->src\main\AndroidManifest.xml:20:5-63:19
33        android:name="com.watchmyphone.WatchMyPhoneApp"
33-->src\main\AndroidManifest.xml:21:9-40
34        android:allowBackup="true"
34-->src\main\AndroidManifest.xml:22:9-35
35        android:appComponentFactory="androidx.core.app.CoreComponentFactory"
35-->[androidx.core:core:1.15.0] AndroidManifest.xml:28:18-86
36        android:dataExtractionRules="@xml/data_extraction_rules"
36-->src\main\AndroidManifest.xml:23:9-65
37        android:debuggable="true"
38        android:extractNativeLibs="false"
39        android:fullBackupContent="@xml/backup_rules"
39-->src\main\AndroidManifest.xml:24:9-54
40        android:icon="@mipmap/ic_launcher"
40-->src\main\AndroidManifest.xml:25:9-43
41        android:label="@string/app_name"
41-->src\main\AndroidManifest.xml:26:9-41
42        android:roundIcon="@mipmap/ic_launcher_round"
42-->src\main\AndroidManifest.xml:27:9-54
43        android:supportsRtl="true"
43-->src\main\AndroidManifest.xml:28:9-35
44        android:testOnly="true"
45        android:theme="@style/Theme.WatchMyPhone" >
45-->src\main\AndroidManifest.xml:29:9-50
46        <service
46-->src\main\AndroidManifest.xml:32:9-36:81
47            android:name="com.watchmyphone.service.MonitorService"
47-->src\main\AndroidManifest.xml:33:13-51
48            android:exported="false"
48-->src\main\AndroidManifest.xml:34:13-37
49            android:foregroundServiceType="camera|dataSync"
49-->src\main\AndroidManifest.xml:35:13-60
50            android:permission="android.permission.FOREGROUND_SERVICE_CAMERA" />
50-->src\main\AndroidManifest.xml:36:13-78
51
52        <receiver
52-->src\main\AndroidManifest.xml:38:9-45:20
53            android:name="com.watchmyphone.service.ScreenReceiver"
53-->src\main\AndroidManifest.xml:38:19-57
54            android:exported="true" >
54-->src\main\AndroidManifest.xml:39:13-36
55            <intent-filter>
55-->src\main\AndroidManifest.xml:40:13-44:29
56                <action android:name="android.intent.action.SCREEN_ON" />
56-->src\main\AndroidManifest.xml:41:17-73
56-->src\main\AndroidManifest.xml:41:25-71
57                <action android:name="android.intent.action.SCREEN_OFF" />
57-->src\main\AndroidManifest.xml:42:17-74
57-->src\main\AndroidManifest.xml:42:25-72
58                <action android:name="android.intent.action.USER_PRESENT" />
58-->src\main\AndroidManifest.xml:43:17-76
58-->src\main\AndroidManifest.xml:43:25-74
59            </intent-filter>
60        </receiver>
61        <receiver
61-->src\main\AndroidManifest.xml:47:9-52:20
62            android:name="com.watchmyphone.service.BootReceiver"
62-->src\main\AndroidManifest.xml:47:19-55
63            android:exported="true" >
63-->src\main\AndroidManifest.xml:48:13-36
64            <intent-filter>
64-->src\main\AndroidManifest.xml:49:13-51:29
65                <action android:name="android.intent.action.BOOT_COMPLETED" />
65-->src\main\AndroidManifest.xml:50:17-78
65-->src\main\AndroidManifest.xml:50:25-76
66            </intent-filter>
67        </receiver>
68
69        <activity
69-->src\main\AndroidManifest.xml:54:9-62:20
70            android:name="com.watchmyphone.ui.main.MainActivity"
70-->src\main\AndroidManifest.xml:55:13-49
71            android:exported="true" >
71-->src\main\AndroidManifest.xml:56:13-36
72            <intent-filter>
72-->src\main\AndroidManifest.xml:57:13-61:29
73                <action android:name="android.intent.action.MAIN" />
73-->src\main\AndroidManifest.xml:58:17-69
73-->src\main\AndroidManifest.xml:58:25-66
74
75                <category android:name="android.intent.category.LAUNCHER" />
75-->src\main\AndroidManifest.xml:60:17-77
75-->src\main\AndroidManifest.xml:60:27-74
76            </intent-filter>
77        </activity>
78
79        <service
79-->[androidx.camera:camera-camera2:1.3.4] AndroidManifest.xml:24:9-33:19
80            android:name="androidx.camera.core.impl.MetadataHolderService"
80-->[androidx.camera:camera-camera2:1.3.4] AndroidManifest.xml:25:13-75
81            android:enabled="false"
81-->[androidx.camera:camera-camera2:1.3.4] AndroidManifest.xml:26:13-36
82            android:exported="false" >
82-->[androidx.camera:camera-camera2:1.3.4] AndroidManifest.xml:27:13-37
83            <meta-data
83-->[androidx.camera:camera-camera2:1.3.4] AndroidManifest.xml:30:13-32:89
84                android:name="androidx.camera.core.impl.MetadataHolderService.DEFAULT_CONFIG_PROVIDER"
84-->[androidx.camera:camera-camera2:1.3.4] AndroidManifest.xml:31:17-103
85                android:value="androidx.camera.camera2.Camera2Config$DefaultProvider" />
85-->[androidx.camera:camera-camera2:1.3.4] AndroidManifest.xml:32:17-86
86        </service>
87
88        <provider
88-->[androidx.emoji2:emoji2:1.4.0] AndroidManifest.xml:24:9-32:20
89            android:name="androidx.startup.InitializationProvider"
89-->[androidx.emoji2:emoji2:1.4.0] AndroidManifest.xml:25:13-67
90            android:authorities="com.watchmyphone.androidx-startup"
90-->[androidx.emoji2:emoji2:1.4.0] AndroidManifest.xml:26:13-68
91            android:exported="false" >
91-->[androidx.emoji2:emoji2:1.4.0] AndroidManifest.xml:27:13-37
92            <meta-data
92-->[androidx.emoji2:emoji2:1.4.0] AndroidManifest.xml:29:13-31:52
93                android:name="androidx.emoji2.text.EmojiCompatInitializer"
93-->[androidx.emoji2:emoji2:1.4.0] AndroidManifest.xml:30:17-75
94                android:value="androidx.startup" />
94-->[androidx.emoji2:emoji2:1.4.0] AndroidManifest.xml:31:17-49
95            <meta-data
95-->[androidx.lifecycle:lifecycle-process:2.9.4] AndroidManifest.xml:29:13-31:52
96                android:name="androidx.lifecycle.ProcessLifecycleInitializer"
96-->[androidx.lifecycle:lifecycle-process:2.9.4] AndroidManifest.xml:30:17-78
97                android:value="androidx.startup" />
97-->[androidx.lifecycle:lifecycle-process:2.9.4] AndroidManifest.xml:31:17-49
98            <meta-data
98-->[androidx.profileinstaller:profileinstaller:1.4.0] AndroidManifest.xml:29:13-31:52
99                android:name="androidx.profileinstaller.ProfileInstallerInitializer"
99-->[androidx.profileinstaller:profileinstaller:1.4.0] AndroidManifest.xml:30:17-85
100                android:value="androidx.startup" />
100-->[androidx.profileinstaller:profileinstaller:1.4.0] AndroidManifest.xml:31:17-49
101        </provider>
102
103        <service
103-->[androidx.room:room-runtime:2.6.1] AndroidManifest.xml:24:9-28:63
104            android:name="androidx.room.MultiInstanceInvalidationService"
104-->[androidx.room:room-runtime:2.6.1] AndroidManifest.xml:25:13-74
105            android:directBootAware="true"
105-->[androidx.room:room-runtime:2.6.1] AndroidManifest.xml:26:13-43
106            android:exported="false" />
106-->[androidx.room:room-runtime:2.6.1] AndroidManifest.xml:27:13-37
107
108        <receiver
108-->[androidx.profileinstaller:profileinstaller:1.4.0] AndroidManifest.xml:34:9-52:20
109            android:name="androidx.profileinstaller.ProfileInstallReceiver"
109-->[androidx.profileinstaller:profileinstaller:1.4.0] AndroidManifest.xml:35:13-76
110            android:directBootAware="false"
110-->[androidx.profileinstaller:profileinstaller:1.4.0] AndroidManifest.xml:36:13-44
111            android:enabled="true"
111-->[androidx.profileinstaller:profileinstaller:1.4.0] AndroidManifest.xml:37:13-35
112            android:exported="true"
112-->[androidx.profileinstaller:profileinstaller:1.4.0] AndroidManifest.xml:38:13-36
113            android:permission="android.permission.DUMP" >
113-->[androidx.profileinstaller:profileinstaller:1.4.0] AndroidManifest.xml:39:13-57
114            <intent-filter>
114-->[androidx.profileinstaller:profileinstaller:1.4.0] AndroidManifest.xml:40:13-42:29
115                <action android:name="androidx.profileinstaller.action.INSTALL_PROFILE" />
115-->[androidx.profileinstaller:profileinstaller:1.4.0] AndroidManifest.xml:41:17-91
115-->[androidx.profileinstaller:profileinstaller:1.4.0] AndroidManifest.xml:41:25-88
116            </intent-filter>
117            <intent-filter>
117-->[androidx.profileinstaller:profileinstaller:1.4.0] AndroidManifest.xml:43:13-45:29
118                <action android:name="androidx.profileinstaller.action.SKIP_FILE" />
118-->[androidx.profileinstaller:profileinstaller:1.4.0] AndroidManifest.xml:44:17-85
118-->[androidx.profileinstaller:profileinstaller:1.4.0] AndroidManifest.xml:44:25-82
119            </intent-filter>
120            <intent-filter>
120-->[androidx.profileinstaller:profileinstaller:1.4.0] AndroidManifest.xml:46:13-48:29
121                <action android:name="androidx.profileinstaller.action.SAVE_PROFILE" />
121-->[androidx.profileinstaller:profileinstaller:1.4.0] AndroidManifest.xml:47:17-88
121-->[androidx.profileinstaller:profileinstaller:1.4.0] AndroidManifest.xml:47:25-85
122            </intent-filter>
123            <intent-filter>
123-->[androidx.profileinstaller:profileinstaller:1.4.0] AndroidManifest.xml:49:13-51:29
124                <action android:name="androidx.profileinstaller.action.BENCHMARK_OPERATION" />
124-->[androidx.profileinstaller:profileinstaller:1.4.0] AndroidManifest.xml:50:17-95
124-->[androidx.profileinstaller:profileinstaller:1.4.0] AndroidManifest.xml:50:25-92
125            </intent-filter>
126        </receiver>
127    </application>
128
129</manifest>